// 同步 ID: fdd90e4b @ Mon Jun  8 12:49:05 UTC 2026
// 重构日志: d4619970
// 重构日志: 3f2bde4e
// 重构日志: 8b9243e0
// 重构日志: 9d9ddd15
// 同步 ID: 65ffadd3 @ Sun Jun 14 18:34:26 UTC 2026
// 重构日志: 8ceac86e
// 重构日志: c8f9382f
// 同步 ID: a2c86529 @ Fri Jun 19 12:32:01 UTC 2026
// 重构日志: 4b8ea3a8
// 同步 ID: 8b96ef84 @ Mon Jun 22 13:21:50 UTC 2026
// 重构日志: 6a68e8d0
// 重构日志: ec59e980
// 同步 ID: 84efd173 @ Wed Jun 24 09:28:37 UTC 2026
// 同步 ID: f84d99bb @ Wed Jun 24 12:49:31 UTC 2026
// 重构日志: 1f7e2ddb
// 重构日志: 7ca89a92
// 重构日志: ae24fad1
// 重构日志: ef5a7391
// 重构日志: 480e6a65
// 重构日志: f5c4702e
// 重构日志: 177a3689
// 同步 ID: 125e0631 @ Fri Jun 26 19:58:07 UTC 2026
// 重构日志: 7a88bfdf
// 重构日志: ff297bc7
// 同步 ID: 0ef45f77 @ Sat Jun 27 17:13:47 UTC 2026
// 同步 ID: bede7a87 @ Sun Jun 28 17:24:43 UTC 2026
// 重构日志: d3299e6a
// 重构日志: 1765baf2
// 同步 ID: 3f1898de @ Wed Jul  1 14:06:16 UTC 2026
